[2020-08-02 02:56:11,318] [ERROR]: Exception on / [GET] [in /home/ubuntu/.local/lib/python3.6/site-packages/flask/app.py:1761]
Traceback (most recent call last):
  File "/home/ubuntu/.local/lib/python3.6/site-packages/flask/app.py", line 2292, in wsgi_app
    response = self.full_dispatch_request()
  File "/home/ubuntu/.local/lib/python3.6/site-packages/flask/app.py", line 1815, in full_dispatch_request
    rv = self.handle_user_exception(e)
  File "/home/ubuntu/.local/lib/python3.6/site-packages/flask/app.py", line 1718, in handle_user_exception
    reraise(exc_type, exc_value, tb)
  File "/home/ubuntu/.local/lib/python3.6/site-packages/flask/_compat.py", line 35, in reraise
    raise value
  File "/home/ubuntu/.local/lib/python3.6/site-packages/flask/app.py", line 1813, in full_dispatch_request
    rv = self.dispatch_request()
  File "/home/ubuntu/.local/lib/python3.6/site-packages/flask/app.py", line 1799, in dispatch_request
    return self.view_functions[rule.endpoint](**req.view_args)
  File "/home/ubuntu/.local/lib/python3.6/site-packages/flask_login/utils.py", line 272, in decorated_view
    return func(*args, **kwargs)
  File "/home/ubuntu/SIH-2020/app/routes.py", line 195, in index
    user = session['username']
  File "/home/ubuntu/.local/lib/python3.6/site-packages/werkzeug/local.py", line 378, in <lambda>
    __getitem__ = lambda x, i: x._get_current_object()[i]
  File "/home/ubuntu/.local/lib/python3.6/site-packages/flask/sessions.py", line 83, in __getitem__
    return super(SecureCookieSession, self).__getitem__(key)
KeyError: 'username'
[2020-08-02 02:56:14,198] [ERROR]: Exception on /index [GET] [in /home/ubuntu/.local/lib/python3.6/site-packages/flask/app.py:1761]
Traceback (most recent call last):
  File "/home/ubuntu/.local/lib/python3.6/site-packages/flask/app.py", line 2292, in wsgi_app
    response = self.full_dispatch_request()
  File "/home/ubuntu/.local/lib/python3.6/site-packages/flask/app.py", line 1815, in full_dispatch_request
    rv = self.handle_user_exception(e)
  File "/home/ubuntu/.local/lib/python3.6/site-packages/flask/app.py", line 1718, in handle_user_exception
    reraise(exc_type, exc_value, tb)
  File "/home/ubuntu/.local/lib/python3.6/site-packages/flask/_compat.py", line 35, in reraise
    raise value
  File "/home/ubuntu/.local/lib/python3.6/site-packages/flask/app.py", line 1813, in full_dispatch_request
    rv = self.dispatch_request()
  File "/home/ubuntu/.local/lib/python3.6/site-packages/flask/app.py", line 1799, in dispatch_request
    return self.view_functions[rule.endpoint](**req.view_args)
  File "/home/ubuntu/.local/lib/python3.6/site-packages/flask_login/utils.py", line 272, in decorated_view
    return func(*args, **kwargs)
  File "/home/ubuntu/SIH-2020/app/routes.py", line 195, in index
    user = session['username']
  File "/home/ubuntu/.local/lib/python3.6/site-packages/werkzeug/local.py", line 378, in <lambda>
    __getitem__ = lambda x, i: x._get_current_object()[i]
  File "/home/ubuntu/.local/lib/python3.6/site-packages/flask/sessions.py", line 83, in __getitem__
    return super(SecureCookieSession, self).__getitem__(key)
KeyError: 'username'
[2020-08-02 04:55:43,136] [INFO]: Inside get asset api [in /home/ubuntu/SIH-2020/app/routes.py:928]
[2020-08-02 04:55:43,137] [INFO]: {'provider': 'username', 'Data': {'username': 'preyash_seller'}} [in /home/ubuntu/SIH-2020/app/routes.py:931]
[2020-08-02 05:06:29,724] [INFO]: Inside get asset api [in /home/ubuntu/SIH-2020/app/routes.py:928]
[2020-08-02 05:06:29,724] [INFO]: {'provider': 'username', 'Data': {'username': 'swapnil_recycler'}} [in /home/ubuntu/SIH-2020/app/routes.py:931]
[2020-08-02 06:13:43,859] [INFO]: {'provider': 'username', 'Data': {'serial_no': 'ik8mZzkWQ4inKPZxcQUWot'}} [in /home/ubuntu/SIH-2020/app/routes.py:993]
[2020-08-02 09:34:22,798] [INFO]: {'Data': {'serial_no': 'QWuSbJUP6tB4kshgAi73yf'}} [in /home/ubuntu/SIH-2020/app/routes.py:993]
[2020-08-02 09:39:20,536] [INFO]: {'provider': 'username', 'Data': {'serial_no': ' '}} [in /home/ubuntu/SIH-2020/app/routes.py:993]
[2020-08-02 09:39:20,720] [INFO]: {'provider': 'username', 'Data': {'serial_no': ' '}} [in /home/ubuntu/SIH-2020/app/routes.py:993]
[2020-08-02 09:45:49,365] [INFO]: {'provider': 'username', 'Data': {'serial_no': 'ETDjbaT4dLdTDkRGqvtLSr'}} [in /home/ubuntu/SIH-2020/app/routes.py:993]
[2020-08-02 09:46:53,988] [INFO]: Supply Chain Startup [in /home/ubuntu/SIH-2020/app/__init__.py:54]
[2020-08-02 09:46:54,001] [INFO]: Supply Chain Startup [in /home/ubuntu/SIH-2020/app/__init__.py:54]
[2020-08-02 09:46:54,044] [INFO]: Supply Chain Startup [in /home/ubuntu/SIH-2020/app/__init__.py:54]
[2020-08-02 09:47:10,485] [INFO]: {'provider': 'username', 'Data': {'serial_no': 'C7ZzdHdaVeJAZFQH2gnJZo'}} [in /home/ubuntu/SIH-2020/app/routes.py:993]
[2020-08-02 09:47:43,335] [INFO]: Inside get asset api [in /home/ubuntu/SIH-2020/app/routes.py:928]
[2020-08-02 09:47:43,336] [INFO]: {'provider': 'username', 'Data': {'username': 'ghosh_recycler'}} [in /home/ubuntu/SIH-2020/app/routes.py:931]
